
boot.elf:     file format elf32-littlearm
boot.elf
architecture: arm, flags 0x00000112:
EXEC_P, HAS_SYMS, D_PAGED
start address 0x20000000

Program Header:
    LOAD off    0x00010000 vaddr 0x20000000 paddr 0x20000000 align 2**16
         filesz 0x00000104 memsz 0x00000204 flags rwx
private flags = 5000200: [Version5 EABI] [soft-float ABI]

Sections:
Idx Name          Size      VMA       LMA       File off  Algn
  0 .text         00000104  20000000  20000000  00010000  2**2
                  CONTENTS, ALLOC, LOAD, READONLY, CODE
  1 .heap         00000100  20000104  20000104  00010104  2**0
                  ALLOC
  2 .ARM.attributes 00000021  00000000  00000000  00010104  2**0
                  CONTENTS, READONLY
SYMBOL TABLE:
20000000 l    d  .text	00000000 .text
20000104 l    d  .heap	00000000 .heap
00000000 l    d  .ARM.attributes	00000000 .ARM.attributes
00000000 l    df *ABS*	00000000 build/src/boot.o
40022000 l       *ABS*	00000000 FLASH_BASE
00000000 l       *ABS*	00000000 FLASH_ACR
00000004 l       *ABS*	00000000 FLASH_KEYR
00000008 l       *ABS*	00000000 FLASH_OPTKEYR
0000000c l       *ABS*	00000000 FLASH_SR
00000010 l       *ABS*	00000000 FLASH_CR
00000014 l       *ABS*	00000000 FLASH_AR
0000001c l       *ABS*	00000000 FLASH_OBR
00000020 l       *ABS*	00000000 FLASH_WRPR
00000044 l       *ABS*	00000000 FLASH_KEYR2
0000004c l       *ABS*	00000000 FLASH_SR2
00000050 l       *ABS*	00000000 FLASH_CR2
00000054 l       *ABS*	00000000 FLASH_AR2
20000000 l       .text	00000000 reset_vector
20000008 l       .text	00000000 main_start
2000000e l       .text	00000000 main_loop
20000014 l       .text	00000000 main_loop_wait
2000002e l       .text	00000000 prog_flash
200000a8 l       .text	00000000 prog_opt
2000002c l       .text	00000000 tloop
20000070 l       .text	00000000 prog_flash1
2000004a l       .text	00000000 prog_flash_1
20000066 l       .text	00000000 prog_flash_3a
20000060 l       .text	00000000 prog_flash_3
2000006a l       .text	00000000 prog_flash_4
20000082 l       .text	00000000 prog_flash1_1
2000009e l       .text	00000000 prog_flash1_3a
20000098 l       .text	00000000 prog_flash1_3
200000a2 l       .text	00000000 prog_flash1_4
200000be l       .text	00000000 prog_opt_1
200000cc l       .text	00000000 prog_opt_3
200000d2 l       .text	00000000 prog_opt_4
20000000 g       .text	00000000 reset_addr
00000100 g       *ABS*	00000000 heap_size
00000000 g       *ABS*	00000000 _sidata
20000104 g       .text	00000000 __exidx_end
20000104 g       .text	00000000 _etext
20000104 g       .text	00000000 _sbss
20000104 g       .text	00000000 __bss_start__
20000104 g       .text	00000000 _sdata
20000204 g       .heap	00000000 _heap_end
20000104 g       .text	00000000 __exidx_start
20000104 g       .text	00000000 _ebss
20000104 g       .heap	00000000 _heap_start
20000104 g       .text	00000000 __bss_end__
00000400 g       *ABS*	00000000 stack_size
20000c00 g       *ABS*	00000000 _stack_end
20001000 g       *ABS*	00000000 _stack_start
20000104 g       .text	00000000 _edata



Disassembly of section .text:

20000000 <reset_addr>:
20000000:	20001000 	andcs	r1, r0, r0
20000004:	20000009 	andcs	r0, r0, r9

20000008 <main_start>:
20000008:	4c35      	ldr	r4, [pc, #212]	; (200000e0 <prog_opt_4+0xe>)
2000000a:	2331      	movs	r3, #49	; 0x31
2000000c:	6023      	str	r3, [r4, #0]

2000000e <main_loop>:
2000000e:	4935      	ldr	r1, [pc, #212]	; (200000e4 <prog_opt_4+0x12>)
20000010:	2200      	movs	r2, #0
20000012:	600a      	str	r2, [r1, #0]

20000014 <main_loop_wait>:
20000014:	6808      	ldr	r0, [r1, #0]
20000016:	4290      	cmp	r0, r2
20000018:	d0fc      	beq.n	20000014 <main_loop_wait>
2000001a:	1c07      	adds	r7, r0, #0
2000001c:	4a32      	ldr	r2, [pc, #200]	; (200000e8 <prog_opt_4+0x16>)
2000001e:	4017      	ands	r7, r2
20000020:	22ff      	movs	r2, #255	; 0xff
20000022:	4010      	ands	r0, r2
20000024:	2852      	cmp	r0, #82	; 0x52
20000026:	d002      	beq.n	2000002e <prog_flash>
20000028:	2872      	cmp	r0, #114	; 0x72
2000002a:	d03d      	beq.n	200000a8 <prog_opt>

2000002c <tloop>:
2000002c:	e7ef      	b.n	2000000e <main_loop>

2000002e <prog_flash>:
2000002e:	4a2f      	ldr	r2, [pc, #188]	; (200000ec <prog_opt_4+0x1a>)
20000030:	1c3b      	adds	r3, r7, #0
20000032:	4013      	ands	r3, r2
20000034:	4293      	cmp	r3, r2
20000036:	d01b      	beq.n	20000070 <prog_flash1>
20000038:	492d      	ldr	r1, [pc, #180]	; (200000f0 <prog_opt_4+0x1e>)
2000003a:	4e2e      	ldr	r6, [pc, #184]	; (200000f4 <prog_opt_4+0x22>)
2000003c:	4c28      	ldr	r4, [pc, #160]	; (200000e0 <prog_opt_4+0xe>)
2000003e:	4a2e      	ldr	r2, [pc, #184]	; (200000f8 <prog_opt_4+0x26>)
20000040:	4b2e      	ldr	r3, [pc, #184]	; (200000fc <prog_opt_4+0x2a>)
20000042:	6062      	str	r2, [r4, #4]
20000044:	6063      	str	r3, [r4, #4]
20000046:	2300      	movs	r3, #0
20000048:	6123      	str	r3, [r4, #16]

2000004a <prog_flash_1>:
2000004a:	8808      	ldrh	r0, [r1, #0]
2000004c:	4b2c      	ldr	r3, [pc, #176]	; (20000100 <prog_opt_4+0x2e>)
2000004e:	4298      	cmp	r0, r3
20000050:	d009      	beq.n	20000066 <prog_flash_3a>
20000052:	6922      	ldr	r2, [r4, #16]
20000054:	2301      	movs	r3, #1
20000056:	431a      	orrs	r2, r3
20000058:	6122      	str	r2, [r4, #16]
2000005a:	8038      	strh	r0, [r7, #0]
2000005c:	0c00      	lsrs	r0, r0, #16
2000005e:	2301      	movs	r3, #1

20000060 <prog_flash_3>:
20000060:	68e2      	ldr	r2, [r4, #12]
20000062:	421a      	tst	r2, r3
20000064:	d1fc      	bne.n	20000060 <prog_flash_3>

20000066 <prog_flash_3a>:
20000066:	3702      	adds	r7, #2
20000068:	3102      	adds	r1, #2

2000006a <prog_flash_4>:
2000006a:	3e01      	subs	r6, #1
2000006c:	d1ed      	bne.n	2000004a <prog_flash_1>
2000006e:	e7ce      	b.n	2000000e <main_loop>

20000070 <prog_flash1>:
20000070:	491f      	ldr	r1, [pc, #124]	; (200000f0 <prog_opt_4+0x1e>)
20000072:	4e20      	ldr	r6, [pc, #128]	; (200000f4 <prog_opt_4+0x22>)
20000074:	4c1a      	ldr	r4, [pc, #104]	; (200000e0 <prog_opt_4+0xe>)
20000076:	2300      	movs	r3, #0
20000078:	6523      	str	r3, [r4, #80]	; 0x50
2000007a:	4a1f      	ldr	r2, [pc, #124]	; (200000f8 <prog_opt_4+0x26>)
2000007c:	4b1f      	ldr	r3, [pc, #124]	; (200000fc <prog_opt_4+0x2a>)
2000007e:	6462      	str	r2, [r4, #68]	; 0x44
20000080:	6463      	str	r3, [r4, #68]	; 0x44

20000082 <prog_flash1_1>:
20000082:	8808      	ldrh	r0, [r1, #0]
20000084:	4b1e      	ldr	r3, [pc, #120]	; (20000100 <prog_opt_4+0x2e>)
20000086:	4298      	cmp	r0, r3
20000088:	d009      	beq.n	2000009e <prog_flash1_3a>
2000008a:	6d22      	ldr	r2, [r4, #80]	; 0x50
2000008c:	2301      	movs	r3, #1
2000008e:	431a      	orrs	r2, r3
20000090:	6522      	str	r2, [r4, #80]	; 0x50
20000092:	8038      	strh	r0, [r7, #0]
20000094:	0c00      	lsrs	r0, r0, #16
20000096:	2301      	movs	r3, #1

20000098 <prog_flash1_3>:
20000098:	6ce2      	ldr	r2, [r4, #76]	; 0x4c
2000009a:	421a      	tst	r2, r3
2000009c:	d1fc      	bne.n	20000098 <prog_flash1_3>

2000009e <prog_flash1_3a>:
2000009e:	3702      	adds	r7, #2
200000a0:	3102      	adds	r1, #2

200000a2 <prog_flash1_4>:
200000a2:	3e01      	subs	r6, #1
200000a4:	d1ed      	bne.n	20000082 <prog_flash1_1>
200000a6:	e7b2      	b.n	2000000e <main_loop>

200000a8 <prog_opt>:
200000a8:	4911      	ldr	r1, [pc, #68]	; (200000f0 <prog_opt_4+0x1e>)
200000aa:	2608      	movs	r6, #8
200000ac:	4c0c      	ldr	r4, [pc, #48]	; (200000e0 <prog_opt_4+0xe>)
200000ae:	2300      	movs	r3, #0
200000b0:	6123      	str	r3, [r4, #16]
200000b2:	4a11      	ldr	r2, [pc, #68]	; (200000f8 <prog_opt_4+0x26>)
200000b4:	4b11      	ldr	r3, [pc, #68]	; (200000fc <prog_opt_4+0x2a>)
200000b6:	6062      	str	r2, [r4, #4]
200000b8:	6063      	str	r3, [r4, #4]
200000ba:	60a2      	str	r2, [r4, #8]
200000bc:	60a3      	str	r3, [r4, #8]

200000be <prog_opt_1>:
200000be:	8808      	ldrh	r0, [r1, #0]
200000c0:	6922      	ldr	r2, [r4, #16]
200000c2:	2310      	movs	r3, #16
200000c4:	431a      	orrs	r2, r3
200000c6:	6122      	str	r2, [r4, #16]
200000c8:	8038      	strh	r0, [r7, #0]
200000ca:	2301      	movs	r3, #1

200000cc <prog_opt_3>:
200000cc:	68e2      	ldr	r2, [r4, #12]
200000ce:	421a      	tst	r2, r3
200000d0:	d1fc      	bne.n	200000cc <prog_opt_3>

200000d2 <prog_opt_4>:
200000d2:	3702      	adds	r7, #2
200000d4:	3102      	adds	r1, #2
200000d6:	3e01      	subs	r6, #1
200000d8:	d1f1      	bne.n	200000be <prog_opt_1>
200000da:	2300      	movs	r3, #0
200000dc:	6123      	str	r3, [r4, #16]
200000de:	e796      	b.n	2000000e <main_loop>
200000e0:	40022000 	andmi	r2, r2, r0
200000e4:	20000c00 	andcs	r0, r0, r0, lsl #24
200000e8:	ffffff00 			; <UNDEFINED> instruction: 0xffffff00
200000ec:	00080000 	andeq	r0, r8, r0
200000f0:	20000400 	andcs	r0, r0, r0, lsl #8
200000f4:	00000400 	andeq	r0, r0, r0, lsl #8
200000f8:	45670123 	strbmi	r0, [r7, #-291]!	; 0xfffffedd
200000fc:	cdef89ab 	stclgt	9, cr8, [pc, #684]!	; 200003b0 <_heap_end+0x1ac>
20000100:	0000ffff 	strdeq	pc, [r0], -pc	; <UNPREDICTABLE>

Disassembly of section .heap:

20000104 <_heap_start>:
	...

Disassembly of section .ARM.attributes:

00000000 <.ARM.attributes>:
   0:	00002041 	andeq	r2, r0, r1, asr #32
   4:	61656100 	cmnvs	r5, r0, lsl #2
   8:	01006962 	tsteq	r0, r2, ror #18
   c:	00000016 	andeq	r0, r0, r6, lsl r0
  10:	726f4305 	rsbvc	r4, pc, #335544320	; 0x14000000
  14:	2d786574 	cfldr64cs	mvdx6, [r8, #-464]!	; 0xfffffe30
  18:	0600304d 	streq	r3, [r0], -sp, asr #32
  1c:	094d070c 	stmdbeq	sp, {r2, r3, r8, r9, sl}^
  20:	Address 0x00000020 is out of bounds.

